<?xml version="1.0" encoding="UTF-8"?>
<!-- Generated by org.testng.reporters.JUnitReportReporter -->
<testsuite hostname="LAPTOP-ICDOLB46" failures="0" tests="1" name="TEST.Test3" time="0.004" errors="0" timestamp="2025-01-30T15:56:06 IST" skipped="0">
  <testcase classname="TEST.Test3" name="WebloginCar" time="0.004"/>
</testsuite> <!-- TEST.Test3 -->
