<?xml version="1.0" encoding="UTF-8"?>
<!-- Generated by org.testng.reporters.JUnitReportReporter -->
<testsuite hostname="LAPTOP-ICDOLB46" failures="0" tests="3" name="TEST.Test4" time="0.011" errors="0" timestamp="2025-01-30T15:56:06 IST" skipped="0">
  <testcase classname="TEST.Test4" name="WebloginHome" time="0.007"/>
  <testcase classname="TEST.Test4" name="LoginApiHome" time="0.001"/>
  <testcase classname="TEST.Test4" name="MobileLoginHome" time="0.003"/>
</testsuite> <!-- TEST.Test4 -->
